app/build/intermediates/manifest_merge_blame_file/debug/processDebugMainManifest/manifest-merger-blame-debug-report.txt
1<?xml version="1.0" encoding="utf-8"?>
2<manifest xmlns:android="http://schemas.android.com/apk/res/android"
3    package="com.classpulse"
4    android:versionCode="1"
5    android:versionName="1.0" >
6
7    <uses-sdk
8        android:minSdkVersion="24"
9        android:targetSdkVersion="34" />
10
11    <uses-permission android:name="android.permission.INTERNET" />
11-->src\main\AndroidManifest.xml:4:5-66
11-->src\main\AndroidManifest.xml:4:22-64
12    <uses-permission android:name="android.permission.POST_NOTIFICATIONS" />
12-->src\main\AndroidManifest.xml:5:5-76
12-->src\main\AndroidManifest.xml:5:22-74
13    <uses-permission android:name="android.permission.RECEIVE_BOOT_COMPLETED" />
13-->src\main\AndroidManifest.xml:6:5-80
13-->src\main\AndroidManifest.xml:6:22-78
14    <uses-permission android:name="android.permission.SCHEDULE_EXACT_ALARM" />
14-->src\main\AndroidManifest.xml:7:5-78
14-->src\main\AndroidManifest.xml:7:22-76
15    <uses-permission
15-->src\main\AndroidManifest.xml:8:5-9:37
16        android:name="android.permission.WRITE_EXTERNAL_STORAGE"
16-->src\main\AndroidManifest.xml:8:22-78
17        android:maxSdkVersion="28" />
17-->src\main\AndroidManifest.xml:9:9-35
18    <uses-permission
18-->src\main\AndroidManifest.xml:10:5-11:37
19        android:name="android.permission.READ_EXTERNAL_STORAGE"
19-->src\main\AndroidManifest.xml:10:22-77
20        android:maxSdkVersion="32" />
20-->src\main\AndroidManifest.xml:11:9-35
21
22    <permission
22-->[androidx.core:core:1.9.0] AndroidManifest.xml:22:5-24:47
23        android:name="com.classpulse.DYNAMIC_RECEIVER_NOT_EXPORTED_PERMISSION"
23-->[androidx.core:core:1.9.0] AndroidManifest.xml:23:9-81
24        android:protectionLevel="signature" />
24-->[androidx.core:core:1.9.0] AndroidManifest.xml:24:9-44
25
26    <uses-permission android:name="com.classpulse.DYNAMIC_RECEIVER_NOT_EXPORTED_PERMISSION" />
26-->[androidx.core:core:1.9.0] AndroidManifest.xml:26:5-97
26-->[androidx.core:core:1.9.0] AndroidManifest.xml:26:22-94
27
28    <application
28-->src\main\AndroidManifest.xml:13:5-67:19
29        android:allowBackup="true"
29-->src\main\AndroidManifest.xml:14:9-35
30        android:appComponentFactory="androidx.core.app.CoreComponentFactory"
30-->[androidx.core:core:1.9.0] AndroidManifest.xml:28:18-86
31        android:debuggable="true"
32        android:extractNativeLibs="false"
33        android:icon="@mipmap/ic_launcher"
33-->src\main\AndroidManifest.xml:15:9-43
34        android:label="@string/app_name"
34-->src\main\AndroidManifest.xml:16:9-41
35        android:roundIcon="@mipmap/ic_launcher_round"
35-->src\main\AndroidManifest.xml:17:9-54
36        android:supportsRtl="true"
36-->src\main\AndroidManifest.xml:18:9-35
37        android:testOnly="true"
38        android:theme="@style/Theme.ClassPulse" >
38-->src\main\AndroidManifest.xml:19:9-48
39        <activity
39-->src\main\AndroidManifest.xml:21:9-29:20
40            android:name="com.classpulse.activities.SplashActivity"
40-->src\main\AndroidManifest.xml:22:13-54
41            android:exported="true"
41-->src\main\AndroidManifest.xml:23:13-36
42            android:theme="@style/Theme.ClassPulse" >
42-->src\main\AndroidManifest.xml:24:13-52
43            <intent-filter>
43-->src\main\AndroidManifest.xml:25:13-28:29
44                <action android:name="android.intent.action.MAIN" />
44-->src\main\AndroidManifest.xml:26:17-69
44-->src\main\AndroidManifest.xml:26:25-66
45
46                <category android:name="android.intent.category.LAUNCHER" />
46-->src\main\AndroidManifest.xml:27:17-77
46-->src\main\AndroidManifest.xml:27:27-74
47            </intent-filter>
48        </activity>
49        <activity
49-->src\main\AndroidManifest.xml:31:9-34:55
50            android:name="com.classpulse.activities.OnboardingActivity"
50-->src\main\AndroidManifest.xml:32:13-58
51            android:exported="false"
51-->src\main\AndroidManifest.xml:33:13-37
52            android:theme="@style/Theme.ClassPulse" />
52-->src\main\AndroidManifest.xml:34:13-52
53        <activity
53-->src\main\AndroidManifest.xml:36:9-39:57
54            android:name="com.classpulse.activities.MainActivity"
54-->src\main\AndroidManifest.xml:37:13-52
55            android:exported="false"
55-->src\main\AndroidManifest.xml:38:13-37
56            android:windowSoftInputMode="adjustResize" />
56-->src\main\AndroidManifest.xml:39:13-55
57        <activity
57-->src\main\AndroidManifest.xml:41:9-43:57
58            android:name="com.classpulse.activities.LogReflectionActivity"
58-->src\main\AndroidManifest.xml:42:13-61
59            android:windowSoftInputMode="adjustResize" />
59-->src\main\AndroidManifest.xml:43:13-55
60        <activity android:name="com.classpulse.activities.ClassSetupActivity" />
60-->src\main\AndroidManifest.xml:45:9-66
60-->src\main\AndroidManifest.xml:45:19-64
61        <activity
61-->src\main\AndroidManifest.xml:47:9-49:57
62            android:name="com.classpulse.activities.AddEditSubjectActivity"
62-->src\main\AndroidManifest.xml:48:13-62
63            android:windowSoftInputMode="adjustResize" />
63-->src\main\AndroidManifest.xml:49:13-55
64        <activity
64-->src\main\AndroidManifest.xml:51:9-53:57
65            android:name="com.classpulse.activities.ReportRoomActivity"
65-->src\main\AndroidManifest.xml:52:13-58
66            android:windowSoftInputMode="adjustResize" />
66-->src\main\AndroidManifest.xml:53:13-55
67
68        <receiver
68-->src\main\AndroidManifest.xml:55:9-57:39
69            android:name="com.classpulse.receivers.ReminderReceiver"
69-->src\main\AndroidManifest.xml:56:13-55
70            android:exported="false" />
70-->src\main\AndroidManifest.xml:57:13-37
71        <receiver
71-->src\main\AndroidManifest.xml:59:9-65:20
72            android:name="com.classpulse.receivers.BootReceiver"
72-->src\main\AndroidManifest.xml:60:13-51
73            android:exported="true" >
73-->src\main\AndroidManifest.xml:61:13-36
74            <intent-filter>
74-->src\main\AndroidManifest.xml:62:13-64:29
75                <action android:name="android.intent.action.BOOT_COMPLETED" />
75-->src\main\AndroidManifest.xml:63:17-78
75-->src\main\AndroidManifest.xml:63:25-76
76            </intent-filter>
77        </receiver>
78
79        <service
79-->[androidx.room:room-runtime:2.6.1] AndroidManifest.xml:24:9-28:63
80            android:name="androidx.room.MultiInstanceInvalidationService"
80-->[androidx.room:room-runtime:2.6.1] AndroidManifest.xml:25:13-74
81            android:directBootAware="true"
81-->[androidx.room:room-runtime:2.6.1] AndroidManifest.xml:26:13-43
82            android:exported="false" />
82-->[androidx.room:room-runtime:2.6.1] AndroidManifest.xml:27:13-37
83
84        <provider
84-->[androidx.emoji2:emoji2:1.2.0] AndroidManifest.xml:24:9-32:20
85            android:name="androidx.startup.InitializationProvider"
85-->[androidx.emoji2:emoji2:1.2.0] AndroidManifest.xml:25:13-67
86            android:authorities="com.classpulse.androidx-startup"
86-->[androidx.emoji2:emoji2:1.2.0] AndroidManifest.xml:26:13-68
87            android:exported="false" >
87-->[androidx.emoji2:emoji2:1.2.0] AndroidManifest.xml:27:13-37
88            <meta-data
88-->[androidx.emoji2:emoji2:1.2.0] AndroidManifest.xml:29:13-31:52
89                android:name="androidx.emoji2.text.EmojiCompatInitializer"
89-->[androidx.emoji2:emoji2:1.2.0] AndroidManifest.xml:30:17-75
90                android:value="androidx.startup" />
90-->[androidx.emoji2:emoji2:1.2.0] AndroidManifest.xml:31:17-49
91            <meta-data
91-->[androidx.lifecycle:lifecycle-process:2.7.0] AndroidManifest.xml:29:13-31:52
92                android:name="androidx.lifecycle.ProcessLifecycleInitializer"
92-->[androidx.lifecycle:lifecycle-process:2.7.0] AndroidManifest.xml:30:17-78
93                android:value="androidx.startup" />
93-->[androidx.lifecycle:lifecycle-process:2.7.0] AndroidManifest.xml:31:17-49
94            <meta-data
94-->[androidx.profileinstaller:profileinstaller:1.3.0] AndroidManifest.xml:29:13-31:52
95                android:name="androidx.profileinstaller.ProfileInstallerInitializer"
95-->[androidx.profileinstaller:profileinstaller:1.3.0] AndroidManifest.xml:30:17-85
96                android:value="androidx.startup" />
96-->[androidx.profileinstaller:profileinstaller:1.3.0] AndroidManifest.xml:31:17-49
97        </provider>
98
99        <uses-library
99-->[androidx.window:window:1.0.0] AndroidManifest.xml:25:9-27:40
100            android:name="androidx.window.extensions"
100-->[androidx.window:window:1.0.0] AndroidManifest.xml:26:13-54
101            android:required="false" />
101-->[androidx.window:window:1.0.0] AndroidManifest.xml:27:13-37
102        <uses-library
102-->[androidx.window:window:1.0.0] AndroidManifest.xml:28:9-30:40
103            android:name="androidx.window.sidecar"
103-->[androidx.window:window:1.0.0] AndroidManifest.xml:29:13-51
104            android:required="false" />
104-->[androidx.window:window:1.0.0] AndroidManifest.xml:30:13-37
105
106        <receiver
106-->[androidx.profileinstaller:profileinstaller:1.3.0] AndroidManifest.xml:34:9-52:20
107            android:name="androidx.profileinstaller.ProfileInstallReceiver"
107-->[androidx.profileinstaller:profileinstaller:1.3.0] AndroidManifest.xml:35:13-76
108            android:directBootAware="false"
108-->[androidx.profileinstaller:profileinstaller:1.3.0] AndroidManifest.xml:36:13-44
109            android:enabled="true"
109-->[androidx.profileinstaller:profileinstaller:1.3.0] AndroidManifest.xml:37:13-35
110            android:exported="true"
110-->[androidx.profileinstaller:profileinstaller:1.3.0] AndroidManifest.xml:38:13-36
111            android:permission="android.permission.DUMP" >
111-->[androidx.profileinstaller:profileinstaller:1.3.0] AndroidManifest.xml:39:13-57
112            <intent-filter>
112-->[androidx.profileinstaller:profileinstaller:1.3.0] AndroidManifest.xml:40:13-42:29
113                <action android:name="androidx.profileinstaller.action.INSTALL_PROFILE" />
113-->[androidx.profileinstaller:profileinstaller:1.3.0] AndroidManifest.xml:41:17-91
113-->[androidx.profileinstaller:profileinstaller:1.3.0] AndroidManifest.xml:41:25-88
114            </intent-filter>
115            <intent-filter>
115-->[androidx.profileinstaller:profileinstaller:1.3.0] AndroidManifest.xml:43:13-45:29
116                <action android:name="androidx.profileinstaller.action.SKIP_FILE" />
116-->[androidx.profileinstaller:profileinstaller:1.3.0] AndroidManifest.xml:44:17-85
116-->[androidx.profileinstaller:profileinstaller:1.3.0] AndroidManifest.xml:44:25-82
117            </intent-filter>
118            <intent-filter>
118-->[androidx.profileinstaller:profileinstaller:1.3.0] AndroidManifest.xml:46:13-48:29
119                <action android:name="androidx.profileinstaller.action.SAVE_PROFILE" />
119-->[androidx.profileinstaller:profileinstaller:1.3.0] AndroidManifest.xml:47:17-88
119-->[androidx.profileinstaller:profileinstaller:1.3.0] AndroidManifest.xml:47:25-85
120            </intent-filter>
121            <intent-filter>
121-->[androidx.profileinstaller:profileinstaller:1.3.0] AndroidManifest.xml:49:13-51:29
122                <action android:name="androidx.profileinstaller.action.BENCHMARK_OPERATION" />
122-->[androidx.profileinstaller:profileinstaller:1.3.0] AndroidManifest.xml:50:17-95
122-->[androidx.profileinstaller:profileinstaller:1.3.0] AndroidManifest.xml:50:25-92
123            </intent-filter>
124        </receiver>
125    </application>
126
127</manifest>